This file contains any messages produced by compilers while
running configure, to aid debugging if configure makes a mistake.

It was created by DtCraft configure 0.2.3, which was
generated by GNU Autoconf 2.69.  Invocation command line was

  $ ./configure 

## --------- ##
## Platform. ##
## --------- ##

hostname = csl-408-08.csl.illinois.edu
uname -m = x86_64
uname -r = 4.13.0-37-generic
uname -s = Linux
uname -v = #42-Ubuntu SMP Wed Mar 7 14:13:23 UTC 2018

/usr/bin/uname -p = unknown
/bin/uname -X     = unknown

/bin/arch              = unknown
/usr/bin/arch -k       = unknown
/usr/convex/getsysinfo = unknown
/usr/bin/hostinfo      = unknown
/bin/machine           = unknown
/usr/bin/oslevel       = unknown
/bin/universe          = unknown

PATH: /usr/local/sbin
PATH: /usr/local/bin
PATH: /usr/sbin
PATH: /usr/bin
PATH: /sbin
PATH: /bin
PATH: /usr/games
PATH: /usr/local/games
PATH: /snap/bin


## ----------- ##
## Core tests. ##
## ----------- ##

configure:2770: checking build system type
configure:2784: result: x86_64-pc-linux-gnu
configure:2804: checking host system type
configure:2817: result: x86_64-pc-linux-gnu
configure:2871: checking for a BSD-compatible install
configure:2939: result: /usr/bin/install -c
configure:2950: checking whether build environment is sane
configure:3005: result: yes
configure:3156: checking for a thread-safe mkdir -p
configure:3195: result: /bin/mkdir -p
configure:3202: checking for gawk
configure:3232: result: no
configure:3202: checking for mawk
configure:3218: found /usr/bin/mawk
configure:3229: result: mawk
configure:3240: checking whether make sets $(MAKE)
configure:3262: result: yes
configure:3291: checking whether make supports nested variables
configure:3308: result: yes
configure:3397: checking whether UID '1000' is supported by ustar format
configure:3400: result: yes
configure:3407: checking whether GID '1000' is supported by ustar format
configure:3410: result: yes
configure:3418: checking how to create a ustar tar archive
configure:3429: tar --version
tar (GNU tar) 1.29
Copyright (C) 2015 Free Software Foundation, Inc.
License GPLv3+: GNU GPL version 3 or later <http://gnu.org/licenses/gpl.html>.
This is free software: you are free to change and redistribute it.
There is NO WARRANTY, to the extent permitted by law.

Written by John Gilmore and Jay Fenlason.
configure:3432: $? = 0
configure:3472: tardir=conftest.dir && eval tar --format=ustar -chf - "$tardir" >conftest.tar
configure:3475: $? = 0
configure:3479: tar -xf - <conftest.tar
configure:3482: $? = 0
configure:3484: cat conftest.dir/file
GrepMe
configure:3487: $? = 0
configure:3500: result: gnutar
configure:3599: checking how to print strings
configure:3626: result: printf
configure:3659: checking for style of include used by make
configure:3687: result: GNU
configure:3758: checking for gcc
configure:3774: found /usr/bin/gcc
configure:3785: result: gcc
configure:4014: checking for C compiler version
configure:4023: gcc --version >&5
gcc (Ubuntu 7.2.0-8ubuntu3.2) 7.2.0
Copyright (C) 2017 Free Software Foundation, Inc.
This is free software; see the source for copying conditions.  There is NO
warranty; not even for MERCHANTABILITY or FITNESS FOR A PARTICULAR PURPOSE.

configure:4034: $? = 0
configure:4023: gcc -v >&5
Using built-in specs.
COLLECT_GCC=gcc
COLLECT_LTO_WRAPPER=/usr/lib/gcc/x86_64-linux-gnu/7/lto-wrapper
OFFLOAD_TARGET_NAMES=nvptx-none
OFFLOAD_TARGET_DEFAULT=1
Target: x86_64-linux-gnu
Configured with: ../src/configure -v --with-pkgversion='Ubuntu 7.2.0-8ubuntu3.2' --with-bugurl=file:///usr/share/doc/gcc-7/README.Bugs --enable-languages=c,ada,c++,go,brig,d,fortran,objc,obj-c++ --prefix=/usr --with-gcc-major-version-only --program-suffix=-7 --program-prefix=x86_64-linux-gnu- --enable-shared --enable-linker-build-id --libexecdir=/usr/lib --without-included-gettext --enable-threads=posix --libdir=/usr/lib --enable-nls --with-sysroot=/ --enable-clocale=gnu --enable-libstdcxx-debug --enable-libstdcxx-time=yes --with-default-libstdcxx-abi=new --enable-gnu-unique-object --disable-vtable-verify --enable-libmpx --enable-plugin --enable-default-pie --with-system-zlib --with-target-system-zlib --enable-objc-gc=auto --enable-multiarch --disable-werror --with-arch-32=i686 --with-abi=m64 --with-multilib-list=m32,m64,mx32 --enable-multilib --with-tune=generic --enable-offload-targets=nvptx-none --without-cuda-driver --enable-checking=release --build=x86_64-linux-gnu --host=x86_64-linux-gnu --target=x86_64-linux-gnu
Thread model: posix
gcc version 7.2.0 (Ubuntu 7.2.0-8ubuntu3.2) 
configure:4034: $? = 0
configure:4023: gcc -V >&5
gcc: error: unrecognized command line option '-V'
gcc: fatal error: no input files
compilation terminated.
configure:4034: $? = 1
configure:4023: gcc -qversion >&5
gcc: error: unrecognized command line option '-qversion'; did you mean '--version'?
gcc: fatal error: no input files
compilation terminated.
configure:4034: $? = 1
configure:4054: checking whether the C compiler works
configure:4076: gcc    conftest.c  >&5
configure:4080: $? = 0
configure:4128: result: yes
configure:4131: checking for C compiler default output file name
configure:4133: result: a.out
configure:4139: checking for suffix of executables
configure:4146: gcc -o conftest    conftest.c  >&5
configure:4150: $? = 0
configure:4172: result: 
configure:4194: checking whether we are cross compiling
configure:4202: gcc -o conftest    conftest.c  >&5
configure:4206: $? = 0
configure:4213: ./conftest
configure:4217: $? = 0
configure:4232: result: no
configure:4237: checking for suffix of object files
configure:4259: gcc -c   conftest.c >&5
configure:4263: $? = 0
configure:4284: result: o
configure:4288: checking whether we are using the GNU C compiler
configure:4307: gcc -c   conftest.c >&5
configure:4307: $? = 0
configure:4316: result: yes
configure:4325: checking whether gcc accepts -g
configure:4345: gcc -c -g  conftest.c >&5
configure:4345: $? = 0
configure:4386: result: yes
configure:4403: checking for gcc option to accept ISO C89
configure:4466: gcc  -c -g -O2  conftest.c >&5
configure:4466: $? = 0
configure:4479: result: none needed
configure:4504: checking whether gcc understands -c and -o together
configure:4526: gcc -c conftest.c -o conftest2.o
configure:4529: $? = 0
configure:4526: gcc -c conftest.c -o conftest2.o
configure:4529: $? = 0
configure:4541: result: yes
configure:4560: checking dependency style of gcc
configure:4671: result: gcc3
configure:4686: checking for a sed that does not truncate output
configure:4750: result: /bin/sed
configure:4768: checking for grep that handles long lines and -e
configure:4826: result: /bin/grep
configure:4831: checking for egrep
configure:4893: result: /bin/grep -E
configure:4898: checking for fgrep
configure:4960: result: /bin/grep -F
configure:4995: checking for ld used by gcc
configure:5062: result: /usr/bin/ld
configure:5069: checking if the linker (/usr/bin/ld) is GNU ld
configure:5084: result: yes
configure:5096: checking for BSD- or MS-compatible name lister (nm)
configure:5150: result: /usr/bin/nm -B
configure:5280: checking the name lister (/usr/bin/nm -B) interface
configure:5287: gcc -c -g -O2  conftest.c >&5
configure:5290: /usr/bin/nm -B "conftest.o"
configure:5293: output
0000000000000000 B some_variable
configure:5300: result: BSD nm
configure:5303: checking whether ln -s works
configure:5307: result: yes
configure:5315: checking the maximum length of command line arguments
configure:5446: result: 1572864
configure:5494: checking how to convert x86_64-pc-linux-gnu file names to x86_64-pc-linux-gnu format
configure:5534: result: func_convert_file_noop
configure:5541: checking how to convert x86_64-pc-linux-gnu file names to toolchain format
configure:5561: result: func_convert_file_noop
configure:5568: checking for /usr/bin/ld option to reload object files
configure:5575: result: -r
configure:5649: checking for objdump
configure:5665: found /usr/bin/objdump
configure:5676: result: objdump
configure:5708: checking how to recognize dependent libraries
configure:5908: result: pass_all
configure:5993: checking for dlltool
configure:6023: result: no
configure:6053: checking how to associate runtime and link libraries
configure:6080: result: printf %s\n
configure:6141: checking for ar
configure:6157: found /usr/bin/ar
configure:6168: result: ar
configure:6205: checking for archiver @FILE support
configure:6222: gcc -c -g -O2  conftest.c >&5
configure:6222: $? = 0
configure:6225: ar cru libconftest.a @conftest.lst >&5
ar: `u' modifier ignored since `D' is the default (see `U')
configure:6228: $? = 0
configure:6233: ar cru libconftest.a @conftest.lst >&5
ar: `u' modifier ignored since `D' is the default (see `U')
ar: conftest.o: No such file or directory
configure:6236: $? = 1
configure:6248: result: @
configure:6306: checking for strip
configure:6322: found /usr/bin/strip
configure:6333: result: strip
configure:6405: checking for ranlib
configure:6421: found /usr/bin/ranlib
configure:6432: result: ranlib
configure:6534: checking command to parse /usr/bin/nm -B output from gcc object
configure:6687: gcc -c -g -O2  conftest.c >&5
configure:6690: $? = 0
configure:6694: /usr/bin/nm -B conftest.o \| sed -n -e 's/^.*[ ]\([ABCDGIRSTW][ABCDGIRSTW]*\)[ ][ ]*\([_A-Za-z][_A-Za-z0-9]*\)$/\1 \2 \2/p' | sed '/ __gnu_lto/d' \> conftest.nm
configure:6697: $? = 0
configure:6763: gcc -o conftest -g -O2   conftest.c conftstm.o >&5
configure:6766: $? = 0
configure:6804: result: ok
configure:6851: checking for sysroot
configure:6881: result: no
configure:6888: checking for a working dd
configure:6926: result: /bin/dd
configure:6930: checking how to truncate binary pipes
configure:6945: result: /bin/dd bs=4096 count=1
configure:7081: gcc -c -g -O2  conftest.c >&5
configure:7084: $? = 0
configure:7274: checking for mt
configure:7290: found /bin/mt
configure:7301: result: mt
configure:7324: checking if mt is a manifest tool
configure:7330: mt '-?'
configure:7338: result: no
configure:8015: checking how to run the C preprocessor
configure:8046: gcc -E  conftest.c
configure:8046: $? = 0
configure:8060: gcc -E  conftest.c
conftest.c:12:10: fatal error: ac_nonexistent.h: No such file or directory
 #include <ac_nonexistent.h>
          ^~~~~~~~~~~~~~~~~~
compilation terminated.
configure:8060: $? = 1
configure: failed program was:
| /* confdefs.h */
| #define PACKAGE_NAME "DtCraft"
| #define PACKAGE_TARNAME "DtCraft"
| #define PACKAGE_VERSION "0.2.3"
| #define PACKAGE_STRING "DtCraft 0.2.3"
| #define PACKAGE_BUGREPORT "dtcraft.engine@gmail.com"
| #define PACKAGE_URL "http://dtcraft.web.engr.illinois.edu/"
| #define DTC_HOME "/home/twhuang/PhD/Code/DtCraft"
| #define PACKAGE "DtCraft"
| #define VERSION "0.2.3"
| /* end confdefs.h.  */
| #include <ac_nonexistent.h>
configure:8085: result: gcc -E
configure:8105: gcc -E  conftest.c
configure:8105: $? = 0
configure:8119: gcc -E  conftest.c
conftest.c:12:10: fatal error: ac_nonexistent.h: No such file or directory
 #include <ac_nonexistent.h>
          ^~~~~~~~~~~~~~~~~~
compilation terminated.
configure:8119: $? = 1
configure: failed program was:
| /* confdefs.h */
| #define PACKAGE_NAME "DtCraft"
| #define PACKAGE_TARNAME "DtCraft"
| #define PACKAGE_VERSION "0.2.3"
| #define PACKAGE_STRING "DtCraft 0.2.3"
| #define PACKAGE_BUGREPORT "dtcraft.engine@gmail.com"
| #define PACKAGE_URL "http://dtcraft.web.engr.illinois.edu/"
| #define DTC_HOME "/home/twhuang/PhD/Code/DtCraft"
| #define PACKAGE "DtCraft"
| #define VERSION "0.2.3"
| /* end confdefs.h.  */
| #include <ac_nonexistent.h>
configure:8148: checking for ANSI C header files
configure:8168: gcc -c -g -O2  conftest.c >&5
configure:8168: $? = 0
configure:8241: gcc -o conftest -g -O2   conftest.c  >&5
configure:8241: $? = 0
configure:8241: ./conftest
configure:8241: $? = 0
configure:8252: result: yes
configure:8265: checking for sys/types.h
configure:8265: gcc -c -g -O2  conftest.c >&5
configure:8265: $? = 0
configure:8265: result: yes
configure:8265: checking for sys/stat.h
configure:8265: gcc -c -g -O2  conftest.c >&5
configure:8265: $? = 0
configure:8265: result: yes
configure:8265: checking for stdlib.h
configure:8265: gcc -c -g -O2  conftest.c >&5
configure:8265: $? = 0
configure:8265: result: yes
configure:8265: checking for string.h
configure:8265: gcc -c -g -O2  conftest.c >&5
configure:8265: $? = 0
configure:8265: result: yes
configure:8265: checking for memory.h
configure:8265: gcc -c -g -O2  conftest.c >&5
configure:8265: $? = 0
configure:8265: result: yes
configure:8265: checking for strings.h
configure:8265: gcc -c -g -O2  conftest.c >&5
configure:8265: $? = 0
configure:8265: result: yes
configure:8265: checking for inttypes.h
configure:8265: gcc -c -g -O2  conftest.c >&5
configure:8265: $? = 0
configure:8265: result: yes
configure:8265: checking for stdint.h
configure:8265: gcc -c -g -O2  conftest.c >&5
configure:8265: $? = 0
configure:8265: result: yes
configure:8265: checking for unistd.h
configure:8265: gcc -c -g -O2  conftest.c >&5
configure:8265: $? = 0
configure:8265: result: yes
configure:8279: checking for dlfcn.h
configure:8279: gcc -c -g -O2  conftest.c >&5
configure:8279: $? = 0
configure:8279: result: yes
configure:8535: checking for objdir
configure:8550: result: .libs
configure:8814: checking if gcc supports -fno-rtti -fno-exceptions
configure:8832: gcc -c -g -O2  -fno-rtti -fno-exceptions conftest.c >&5
cc1: warning: command line option '-fno-rtti' is valid for C++/ObjC++ but not for C
configure:8836: $? = 0
configure:8849: result: no
configure:9207: checking for gcc option to produce PIC
configure:9214: result: -fPIC -DPIC
configure:9222: checking if gcc PIC flag -fPIC -DPIC works
configure:9240: gcc -c -g -O2  -fPIC -DPIC -DPIC conftest.c >&5
configure:9244: $? = 0
configure:9257: result: yes
configure:9286: checking if gcc static flag -static works
configure:9314: result: yes
configure:9329: checking if gcc supports -c -o file.o
configure:9350: gcc -c -g -O2  -o out/conftest2.o conftest.c >&5
configure:9354: $? = 0
configure:9376: result: yes
configure:9384: checking if gcc supports -c -o file.o
configure:9431: result: yes
configure:9464: checking whether the gcc linker (/usr/bin/ld -m elf_x86_64) supports shared libraries
configure:10727: result: yes
configure:10764: checking whether -lc should be explicitly linked in
configure:10772: gcc -c -g -O2  conftest.c >&5
configure:10775: $? = 0
configure:10790: gcc -shared  -fPIC -DPIC conftest.o  -v -Wl,-soname -Wl,conftest -o conftest 2\>\&1 \| /bin/grep  -lc  \>/dev/null 2\>\&1
configure:10793: $? = 0
configure:10807: result: no
configure:10967: checking dynamic linker characteristics
configure:11548: gcc -o conftest -g -O2   -Wl,-rpath -Wl,/foo conftest.c  >&5
configure:11548: $? = 0
configure:11797: result: GNU/Linux ld.so
configure:11919: checking how to hardcode library paths into programs
configure:11944: result: immediate
configure:12492: checking whether stripping libraries is possible
configure:12497: result: yes
configure:12532: checking if libtool supports shared libraries
configure:12534: result: yes
configure:12537: checking whether to build shared libraries
configure:12562: result: yes
configure:12565: checking whether to build static libraries
configure:12569: result: yes
configure:12664: checking for g++
configure:12680: found /usr/bin/g++
configure:12691: result: g++
configure:12718: checking for C++ compiler version
configure:12727: g++ --version >&5
g++ (Ubuntu 7.2.0-8ubuntu3.2) 7.2.0
Copyright (C) 2017 Free Software Foundation, Inc.
This is free software; see the source for copying conditions.  There is NO
warranty; not even for MERCHANTABILITY or FITNESS FOR A PARTICULAR PURPOSE.

configure:12738: $? = 0
configure:12727: g++ -v >&5
Using built-in specs.
COLLECT_GCC=g++
COLLECT_LTO_WRAPPER=/usr/lib/gcc/x86_64-linux-gnu/7/lto-wrapper
OFFLOAD_TARGET_NAMES=nvptx-none
OFFLOAD_TARGET_DEFAULT=1
Target: x86_64-linux-gnu
Configured with: ../src/configure -v --with-pkgversion='Ubuntu 7.2.0-8ubuntu3.2' --with-bugurl=file:///usr/share/doc/gcc-7/README.Bugs --enable-languages=c,ada,c++,go,brig,d,fortran,objc,obj-c++ --prefix=/usr --with-gcc-major-version-only --program-suffix=-7 --program-prefix=x86_64-linux-gnu- --enable-shared --enable-linker-build-id --libexecdir=/usr/lib --without-included-gettext --enable-threads=posix --libdir=/usr/lib --enable-nls --with-sysroot=/ --enable-clocale=gnu --enable-libstdcxx-debug --enable-libstdcxx-time=yes --with-default-libstdcxx-abi=new --enable-gnu-unique-object --disable-vtable-verify --enable-libmpx --enable-plugin --enable-default-pie --with-system-zlib --with-target-system-zlib --enable-objc-gc=auto --enable-multiarch --disable-werror --with-arch-32=i686 --with-abi=m64 --with-multilib-list=m32,m64,mx32 --enable-multilib --with-tune=generic --enable-offload-targets=nvptx-none --without-cuda-driver --enable-checking=release --build=x86_64-linux-gnu --host=x86_64-linux-gnu --target=x86_64-linux-gnu
Thread model: posix
gcc version 7.2.0 (Ubuntu 7.2.0-8ubuntu3.2) 
configure:12738: $? = 0
configure:12727: g++ -V >&5
g++: error: unrecognized command line option '-V'
g++: fatal error: no input files
compilation terminated.
configure:12738: $? = 1
configure:12727: g++ -qversion >&5
g++: error: unrecognized command line option '-qversion'; did you mean '--version'?
g++: fatal error: no input files
compilation terminated.
configure:12738: $? = 1
configure:12742: checking whether we are using the GNU C++ compiler
configure:12761: g++ -c   conftest.cpp >&5
configure:12761: $? = 0
configure:12770: result: yes
configure:12779: checking whether g++ accepts -g
configure:12799: g++ -c -g  conftest.cpp >&5
configure:12799: $? = 0
configure:12840: result: yes
configure:12865: checking dependency style of g++
configure:12976: result: gcc3
configure:13010: checking how to run the C++ preprocessor
configure:13037: g++ -E  conftest.cpp
configure:13037: $? = 0
configure:13051: g++ -E  conftest.cpp
conftest.cpp:24:10: fatal error: ac_nonexistent.h: No such file or directory
 #include <ac_nonexistent.h>
          ^~~~~~~~~~~~~~~~~~
compilation terminated.
configure:13051: $? = 1
configure: failed program was:
| /* confdefs.h */
| #define PACKAGE_NAME "DtCraft"
| #define PACKAGE_TARNAME "DtCraft"
| #define PACKAGE_VERSION "0.2.3"
| #define PACKAGE_STRING "DtCraft 0.2.3"
| #define PACKAGE_BUGREPORT "dtcraft.engine@gmail.com"
| #define PACKAGE_URL "http://dtcraft.web.engr.illinois.edu/"
| #define DTC_HOME "/home/twhuang/PhD/Code/DtCraft"
| #define PACKAGE "DtCraft"
| #define VERSION "0.2.3"
| #define STDC_HEADERS 1
| #define HAVE_SYS_TYPES_H 1
| #define HAVE_SYS_STAT_H 1
| #define HAVE_STDLIB_H 1
| #define HAVE_STRING_H 1
| #define HAVE_MEMORY_H 1
| #define HAVE_STRINGS_H 1
| #define HAVE_INTTYPES_H 1
| #define HAVE_STDINT_H 1
| #define HAVE_UNISTD_H 1
| #define HAVE_DLFCN_H 1
| #define LT_OBJDIR ".libs/"
| /* end confdefs.h.  */
| #include <ac_nonexistent.h>
configure:13076: result: g++ -E
configure:13096: g++ -E  conftest.cpp
configure:13096: $? = 0
configure:13110: g++ -E  conftest.cpp
conftest.cpp:24:10: fatal error: ac_nonexistent.h: No such file or directory
 #include <ac_nonexistent.h>
          ^~~~~~~~~~~~~~~~~~
compilation terminated.
configure:13110: $? = 1
configure: failed program was:
| /* confdefs.h */
| #define PACKAGE_NAME "DtCraft"
| #define PACKAGE_TARNAME "DtCraft"
| #define PACKAGE_VERSION "0.2.3"
| #define PACKAGE_STRING "DtCraft 0.2.3"
| #define PACKAGE_BUGREPORT "dtcraft.engine@gmail.com"
| #define PACKAGE_URL "http://dtcraft.web.engr.illinois.edu/"
| #define DTC_HOME "/home/twhuang/PhD/Code/DtCraft"
| #define PACKAGE "DtCraft"
| #define VERSION "0.2.3"
| #define STDC_HEADERS 1
| #define HAVE_SYS_TYPES_H 1
| #define HAVE_SYS_STAT_H 1
| #define HAVE_STDLIB_H 1
| #define HAVE_STRING_H 1
| #define HAVE_MEMORY_H 1
| #define HAVE_STRINGS_H 1
| #define HAVE_INTTYPES_H 1
| #define HAVE_STDINT_H 1
| #define HAVE_UNISTD_H 1
| #define HAVE_DLFCN_H 1
| #define LT_OBJDIR ".libs/"
| /* end confdefs.h.  */
| #include <ac_nonexistent.h>
configure:13272: checking for ld used by g++
configure:13339: result: /usr/bin/ld -m elf_x86_64
configure:13346: checking if the linker (/usr/bin/ld -m elf_x86_64) is GNU ld
configure:13361: result: yes
configure:13416: checking whether the g++ linker (/usr/bin/ld -m elf_x86_64) supports shared libraries
configure:14489: result: yes
configure:14525: g++ -c -g -O2  conftest.cpp >&5
configure:14528: $? = 0
configure:15009: checking for g++ option to produce PIC
configure:15016: result: -fPIC -DPIC
configure:15024: checking if g++ PIC flag -fPIC -DPIC works
configure:15042: g++ -c -g -O2  -fPIC -DPIC -DPIC conftest.cpp >&5
configure:15046: $? = 0
configure:15059: result: yes
configure:15082: checking if g++ static flag -static works
configure:15110: result: yes
configure:15122: checking if g++ supports -c -o file.o
configure:15143: g++ -c -g -O2  -o out/conftest2.o conftest.cpp >&5
configure:15147: $? = 0
configure:15169: result: yes
configure:15174: checking if g++ supports -c -o file.o
configure:15221: result: yes
configure:15251: checking whether the g++ linker (/usr/bin/ld -m elf_x86_64) supports shared libraries
configure:15294: result: yes
configure:15435: checking dynamic linker characteristics
configure:16192: result: GNU/Linux ld.so
configure:16257: checking how to hardcode library paths into programs
configure:16282: result: immediate
configure:16454: checking for C++ compiler version
configure:16463: g++ --version >&5
g++ (Ubuntu 7.2.0-8ubuntu3.2) 7.2.0
Copyright (C) 2017 Free Software Foundation, Inc.
This is free software; see the source for copying conditions.  There is NO
warranty; not even for MERCHANTABILITY or FITNESS FOR A PARTICULAR PURPOSE.

configure:16474: $? = 0
configure:16463: g++ -v >&5
Using built-in specs.
COLLECT_GCC=g++
COLLECT_LTO_WRAPPER=/usr/lib/gcc/x86_64-linux-gnu/7/lto-wrapper
OFFLOAD_TARGET_NAMES=nvptx-none
OFFLOAD_TARGET_DEFAULT=1
Target: x86_64-linux-gnu
Configured with: ../src/configure -v --with-pkgversion='Ubuntu 7.2.0-8ubuntu3.2' --with-bugurl=file:///usr/share/doc/gcc-7/README.Bugs --enable-languages=c,ada,c++,go,brig,d,fortran,objc,obj-c++ --prefix=/usr --with-gcc-major-version-only --program-suffix=-7 --program-prefix=x86_64-linux-gnu- --enable-shared --enable-linker-build-id --libexecdir=/usr/lib --without-included-gettext --enable-threads=posix --libdir=/usr/lib --enable-nls --with-sysroot=/ --enable-clocale=gnu --enable-libstdcxx-debug --enable-libstdcxx-time=yes --with-default-libstdcxx-abi=new --enable-gnu-unique-object --disable-vtable-verify --enable-libmpx --enable-plugin --enable-default-pie --with-system-zlib --with-target-system-zlib --enable-objc-gc=auto --enable-multiarch --disable-werror --with-arch-32=i686 --with-abi=m64 --with-multilib-list=m32,m64,mx32 --enable-multilib --with-tune=generic --enable-offload-targets=nvptx-none --without-cuda-driver --enable-checking=release --build=x86_64-linux-gnu --host=x86_64-linux-gnu --target=x86_64-linux-gnu
Thread model: posix
gcc version 7.2.0 (Ubuntu 7.2.0-8ubuntu3.2) 
configure:16474: $? = 0
configure:16463: g++ -V >&5
g++: error: unrecognized command line option '-V'
g++: fatal error: no input files
compilation terminated.
configure:16474: $? = 1
configure:16463: g++ -qversion >&5
g++: error: unrecognized command line option '-qversion'; did you mean '--version'?
g++: fatal error: no input files
compilation terminated.
configure:16474: $? = 1
configure:16478: checking whether we are using the GNU C++ compiler
configure:16506: result: yes
configure:16515: checking whether g++ accepts -g
configure:16576: result: yes
configure:16601: checking dependency style of g++
configure:16712: result: gcc3
configure:16731: checking for bison
configure:16761: result: no
configure:16731: checking for byacc
configure:16761: result: no
configure:16774: checking for gawk
configure:16801: result: mawk
configure:16814: checking whether ln -s works
configure:16818: result: yes
configure:16827: checking for C++ compiler vendor
configure:16874: g++ -c -g -O2  conftest.cpp >&5
conftest.cpp: In function 'int main()':
conftest.cpp:30:9: error: 'thisisanerror' was not declared in this scope
         thisisanerror;
         ^~~~~~~~~~~~~
configure:16874: $? = 1
configure: failed program was:
| /* confdefs.h */
| #define PACKAGE_NAME "DtCraft"
| #define PACKAGE_TARNAME "DtCraft"
| #define PACKAGE_VERSION "0.2.3"
| #define PACKAGE_STRING "DtCraft 0.2.3"
| #define PACKAGE_BUGREPORT "dtcraft.engine@gmail.com"
| #define PACKAGE_URL "http://dtcraft.web.engr.illinois.edu/"
| #define DTC_HOME "/home/twhuang/PhD/Code/DtCraft"
| #define PACKAGE "DtCraft"
| #define VERSION "0.2.3"
| #define STDC_HEADERS 1
| #define HAVE_SYS_TYPES_H 1
| #define HAVE_SYS_STAT_H 1
| #define HAVE_STDLIB_H 1
| #define HAVE_STRING_H 1
| #define HAVE_MEMORY_H 1
| #define HAVE_STRINGS_H 1
| #define HAVE_INTTYPES_H 1
| #define HAVE_STDINT_H 1
| #define HAVE_UNISTD_H 1
| #define HAVE_DLFCN_H 1
| #define LT_OBJDIR ".libs/"
| /* end confdefs.h.  */
| 
| int
| main ()
| {
| 
|       #if !(defined(__ICC) || defined(__ECC) || defined(__INTEL_COMPILER))
|         thisisanerror;
|       #endif
| 
|   ;
|   return 0;
| }
configure:16874: g++ -c -g -O2  conftest.cpp >&5
conftest.cpp: In function 'int main()':
conftest.cpp:30:9: error: 'thisisanerror' was not declared in this scope
         thisisanerror;
         ^~~~~~~~~~~~~
configure:16874: $? = 1
configure: failed program was:
| /* confdefs.h */
| #define PACKAGE_NAME "DtCraft"
| #define PACKAGE_TARNAME "DtCraft"
| #define PACKAGE_VERSION "0.2.3"
| #define PACKAGE_STRING "DtCraft 0.2.3"
| #define PACKAGE_BUGREPORT "dtcraft.engine@gmail.com"
| #define PACKAGE_URL "http://dtcraft.web.engr.illinois.edu/"
| #define DTC_HOME "/home/twhuang/PhD/Code/DtCraft"
| #define PACKAGE "DtCraft"
| #define VERSION "0.2.3"
| #define STDC_HEADERS 1
| #define HAVE_SYS_TYPES_H 1
| #define HAVE_SYS_STAT_H 1
| #define HAVE_STDLIB_H 1
| #define HAVE_STRING_H 1
| #define HAVE_MEMORY_H 1
| #define HAVE_STRINGS_H 1
| #define HAVE_INTTYPES_H 1
| #define HAVE_STDINT_H 1
| #define HAVE_UNISTD_H 1
| #define HAVE_DLFCN_H 1
| #define LT_OBJDIR ".libs/"
| /* end confdefs.h.  */
| 
| int
| main ()
| {
| 
|       #if !(defined(__xlc__) || defined(__xlC__) || defined(__IBMC__) || defined(__IBMCPP__))
|         thisisanerror;
|       #endif
| 
|   ;
|   return 0;
| }
configure:16874: g++ -c -g -O2  conftest.cpp >&5
conftest.cpp: In function 'int main()':
conftest.cpp:30:9: error: 'thisisanerror' was not declared in this scope
         thisisanerror;
         ^~~~~~~~~~~~~
configure:16874: $? = 1
configure: failed program was:
| /* confdefs.h */
| #define PACKAGE_NAME "DtCraft"
| #define PACKAGE_TARNAME "DtCraft"
| #define PACKAGE_VERSION "0.2.3"
| #define PACKAGE_STRING "DtCraft 0.2.3"
| #define PACKAGE_BUGREPORT "dtcraft.engine@gmail.com"
| #define PACKAGE_URL "http://dtcraft.web.engr.illinois.edu/"
| #define DTC_HOME "/home/twhuang/PhD/Code/DtCraft"
| #define PACKAGE "DtCraft"
| #define VERSION "0.2.3"
| #define STDC_HEADERS 1
| #define HAVE_SYS_TYPES_H 1
| #define HAVE_SYS_STAT_H 1
| #define HAVE_STDLIB_H 1
| #define HAVE_STRING_H 1
| #define HAVE_MEMORY_H 1
| #define HAVE_STRINGS_H 1
| #define HAVE_INTTYPES_H 1
| #define HAVE_STDINT_H 1
| #define HAVE_UNISTD_H 1
| #define HAVE_DLFCN_H 1
| #define LT_OBJDIR ".libs/"
| /* end confdefs.h.  */
| 
| int
| main ()
| {
| 
|       #if !(defined(__PATHCC__) || defined(__PATHSCALE__))
|         thisisanerror;
|       #endif
| 
|   ;
|   return 0;
| }
configure:16874: g++ -c -g -O2  conftest.cpp >&5
conftest.cpp: In function 'int main()':
conftest.cpp:30:9: error: 'thisisanerror' was not declared in this scope
         thisisanerror;
         ^~~~~~~~~~~~~
configure:16874: $? = 1
configure: failed program was:
| /* confdefs.h */
| #define PACKAGE_NAME "DtCraft"
| #define PACKAGE_TARNAME "DtCraft"
| #define PACKAGE_VERSION "0.2.3"
| #define PACKAGE_STRING "DtCraft 0.2.3"
| #define PACKAGE_BUGREPORT "dtcraft.engine@gmail.com"
| #define PACKAGE_URL "http://dtcraft.web.engr.illinois.edu/"
| #define DTC_HOME "/home/twhuang/PhD/Code/DtCraft"
| #define PACKAGE "DtCraft"
| #define VERSION "0.2.3"
| #define STDC_HEADERS 1
| #define HAVE_SYS_TYPES_H 1
| #define HAVE_SYS_STAT_H 1
| #define HAVE_STDLIB_H 1
| #define HAVE_STRING_H 1
| #define HAVE_MEMORY_H 1
| #define HAVE_STRINGS_H 1
| #define HAVE_INTTYPES_H 1
| #define HAVE_STDINT_H 1
| #define HAVE_UNISTD_H 1
| #define HAVE_DLFCN_H 1
| #define LT_OBJDIR ".libs/"
| /* end confdefs.h.  */
| 
| int
| main ()
| {
| 
|       #if !(defined(__clang__))
|         thisisanerror;
|       #endif
| 
|   ;
|   return 0;
| }
configure:16874: g++ -c -g -O2  conftest.cpp >&5
conftest.cpp: In function 'int main()':
conftest.cpp:30:9: error: 'thisisanerror' was not declared in this scope
         thisisanerror;
         ^~~~~~~~~~~~~
configure:16874: $? = 1
configure: failed program was:
| /* confdefs.h */
| #define PACKAGE_NAME "DtCraft"
| #define PACKAGE_TARNAME "DtCraft"
| #define PACKAGE_VERSION "0.2.3"
| #define PACKAGE_STRING "DtCraft 0.2.3"
| #define PACKAGE_BUGREPORT "dtcraft.engine@gmail.com"
| #define PACKAGE_URL "http://dtcraft.web.engr.illinois.edu/"
| #define DTC_HOME "/home/twhuang/PhD/Code/DtCraft"
| #define PACKAGE "DtCraft"
| #define VERSION "0.2.3"
| #define STDC_HEADERS 1
| #define HAVE_SYS_TYPES_H 1
| #define HAVE_SYS_STAT_H 1
| #define HAVE_STDLIB_H 1
| #define HAVE_STRING_H 1
| #define HAVE_MEMORY_H 1
| #define HAVE_STRINGS_H 1
| #define HAVE_INTTYPES_H 1
| #define HAVE_STDINT_H 1
| #define HAVE_UNISTD_H 1
| #define HAVE_DLFCN_H 1
| #define LT_OBJDIR ".libs/"
| /* end confdefs.h.  */
| 
| int
| main ()
| {
| 
|       #if !(defined(_CRAYC))
|         thisisanerror;
|       #endif
| 
|   ;
|   return 0;
| }
configure:16874: g++ -c -g -O2  conftest.cpp >&5
conftest.cpp: In function 'int main()':
conftest.cpp:30:9: error: 'thisisanerror' was not declared in this scope
         thisisanerror;
         ^~~~~~~~~~~~~
configure:16874: $? = 1
configure: failed program was:
| /* confdefs.h */
| #define PACKAGE_NAME "DtCraft"
| #define PACKAGE_TARNAME "DtCraft"
| #define PACKAGE_VERSION "0.2.3"
| #define PACKAGE_STRING "DtCraft 0.2.3"
| #define PACKAGE_BUGREPORT "dtcraft.engine@gmail.com"
| #define PACKAGE_URL "http://dtcraft.web.engr.illinois.edu/"
| #define DTC_HOME "/home/twhuang/PhD/Code/DtCraft"
| #define PACKAGE "DtCraft"
| #define VERSION "0.2.3"
| #define STDC_HEADERS 1
| #define HAVE_SYS_TYPES_H 1
| #define HAVE_SYS_STAT_H 1
| #define HAVE_STDLIB_H 1
| #define HAVE_STRING_H 1
| #define HAVE_MEMORY_H 1
| #define HAVE_STRINGS_H 1
| #define HAVE_INTTYPES_H 1
| #define HAVE_STDINT_H 1
| #define HAVE_UNISTD_H 1
| #define HAVE_DLFCN_H 1
| #define LT_OBJDIR ".libs/"
| /* end confdefs.h.  */
| 
| int
| main ()
| {
| 
|       #if !(defined(__FUJITSU))
|         thisisanerror;
|       #endif
| 
|   ;
|   return 0;
| }
configure:16874: g++ -c -g -O2  conftest.cpp >&5
configure:16874: $? = 0
configure:16882: result: gnu
configure:16887: checking for C++ compiler version
configure:17109: g++ -o conftest -g -O2   conftest.cpp  >&5
configure:17109: $? = 0
configure:17109: ./conftest
configure:17109: $? = 0
configure:17118: g++ -o conftest -g -O2   conftest.cpp  >&5
configure:17118: $? = 0
configure:17118: ./conftest
configure:17118: $? = 0
configure:17127: g++ -o conftest -g -O2   conftest.cpp  >&5
configure:17127: $? = 0
configure:17127: ./conftest
configure:17127: $? = 0
configure:17792: result: 7.2.0
configure:17849: checking the number of available CPUs
configure:17932: result: 4
configure:17947: checking for ANSI C header files
configure:18051: result: yes
configure:18061: checking fcntl.h usability
configure:18061: g++ -c -g -O2  conftest.cpp >&5
configure:18061: $? = 0
configure:18061: result: yes
configure:18061: checking fcntl.h presence
configure:18061: g++ -E  conftest.cpp
configure:18061: $? = 0
configure:18061: result: yes
configure:18061: checking for fcntl.h
configure:18061: result: yes
configure:18073: checking sys/devpoll.h usability
configure:18073: g++ -c -g -O2  conftest.cpp >&5
conftest.cpp:59:10: fatal error: sys/devpoll.h: No such file or directory
 #include <sys/devpoll.h>
          ^~~~~~~~~~~~~~~
compilation terminated.
configure:18073: $? = 1
configure: failed program was:
| /* confdefs.h */
| #define PACKAGE_NAME "DtCraft"
| #define PACKAGE_TARNAME "DtCraft"
| #define PACKAGE_VERSION "0.2.3"
| #define PACKAGE_STRING "DtCraft 0.2.3"
| #define PACKAGE_BUGREPORT "dtcraft.engine@gmail.com"
| #define PACKAGE_URL "http://dtcraft.web.engr.illinois.edu/"
| #define DTC_HOME "/home/twhuang/PhD/Code/DtCraft"
| #define PACKAGE "DtCraft"
| #define VERSION "0.2.3"
| #define STDC_HEADERS 1
| #define HAVE_SYS_TYPES_H 1
| #define HAVE_SYS_STAT_H 1
| #define HAVE_STDLIB_H 1
| #define HAVE_STRING_H 1
| #define HAVE_MEMORY_H 1
| #define HAVE_STRINGS_H 1
| #define HAVE_INTTYPES_H 1
| #define HAVE_STDINT_H 1
| #define HAVE_UNISTD_H 1
| #define HAVE_DLFCN_H 1
| #define LT_OBJDIR ".libs/"
| #define STDC_HEADERS 1
| #define HAVE_FCNTL_H 1
| /* end confdefs.h.  */
| #include <stdio.h>
| #ifdef HAVE_SYS_TYPES_H
| # include <sys/types.h>
| #endif
| #ifdef HAVE_SYS_STAT_H
| # include <sys/stat.h>
| #endif
| #ifdef STDC_HEADERS
| # include <stdlib.h>
| # include <stddef.h>
| #else
| # ifdef HAVE_STDLIB_H
| #  include <stdlib.h>
| # endif
| #endif
| #ifdef HAVE_STRING_H
| # if !defined STDC_HEADERS && defined HAVE_MEMORY_H
| #  include <memory.h>
| # endif
| # include <string.h>
| #endif
| #ifdef HAVE_STRINGS_H
| # include <strings.h>
| #endif
| #ifdef HAVE_INTTYPES_H
| # include <inttypes.h>
| #endif
| #ifdef HAVE_STDINT_H
| # include <stdint.h>
| #endif
| #ifdef HAVE_UNISTD_H
| # include <unistd.h>
| #endif
| #include <sys/devpoll.h>
configure:18073: result: no
configure:18073: checking sys/devpoll.h presence
configure:18073: g++ -E  conftest.cpp
conftest.cpp:26:10: fatal error: sys/devpoll.h: No such file or directory
 #include <sys/devpoll.h>
          ^~~~~~~~~~~~~~~
compilation terminated.
configure:18073: $? = 1
configure: failed program was:
| /* confdefs.h */
| #define PACKAGE_NAME "DtCraft"
| #define PACKAGE_TARNAME "DtCraft"
| #define PACKAGE_VERSION "0.2.3"
| #define PACKAGE_STRING "DtCraft 0.2.3"
| #define PACKAGE_BUGREPORT "dtcraft.engine@gmail.com"
| #define PACKAGE_URL "http://dtcraft.web.engr.illinois.edu/"
| #define DTC_HOME "/home/twhuang/PhD/Code/DtCraft"
| #define PACKAGE "DtCraft"
| #define VERSION "0.2.3"
| #define STDC_HEADERS 1
| #define HAVE_SYS_TYPES_H 1
| #define HAVE_SYS_STAT_H 1
| #define HAVE_STDLIB_H 1
| #define HAVE_STRING_H 1
| #define HAVE_MEMORY_H 1
| #define HAVE_STRINGS_H 1
| #define HAVE_INTTYPES_H 1
| #define HAVE_STDINT_H 1
| #define HAVE_UNISTD_H 1
| #define HAVE_DLFCN_H 1
| #define LT_OBJDIR ".libs/"
| #define STDC_HEADERS 1
| #define HAVE_FCNTL_H 1
| /* end confdefs.h.  */
| #include <sys/devpoll.h>
configure:18073: result: no
configure:18073: checking for sys/devpoll.h
configure:18073: result: no
configure:18085: checking sys/epoll.h usability
configure:18085: g++ -c -g -O2  conftest.cpp >&5
configure:18085: $? = 0
configure:18085: result: yes
configure:18085: checking sys/epoll.h presence
configure:18085: g++ -E  conftest.cpp
configure:18085: $? = 0
configure:18085: result: yes
configure:18085: checking for sys/epoll.h
configure:18085: result: yes
configure:18097: checking sys/poll.h usability
configure:18097: g++ -c -g -O2  conftest.cpp >&5
configure:18097: $? = 0
configure:18097: result: yes
configure:18097: checking sys/poll.h presence
configure:18097: g++ -E  conftest.cpp
configure:18097: $? = 0
configure:18097: result: yes
configure:18097: checking for sys/poll.h
configure:18097: result: yes
configure:18109: checking sys/select.h usability
configure:18109: g++ -c -g -O2  conftest.cpp >&5
configure:18109: $? = 0
configure:18109: result: yes
configure:18109: checking sys/select.h presence
configure:18109: g++ -E  conftest.cpp
configure:18109: $? = 0
configure:18109: result: yes
configure:18109: checking for sys/select.h
configure:18109: result: yes
configure:18121: checking sys/time.h usability
configure:18121: g++ -c -g -O2  conftest.cpp >&5
configure:18121: $? = 0
configure:18121: result: yes
configure:18121: checking sys/time.h presence
configure:18121: g++ -E  conftest.cpp
configure:18121: $? = 0
configure:18121: result: yes
configure:18121: checking for sys/time.h
configure:18121: result: yes
configure:18133: checking sys/event.h usability
configure:18133: g++ -c -g -O2  conftest.cpp >&5
conftest.cpp:63:10: fatal error: sys/event.h: No such file or directory
 #include <sys/event.h>
          ^~~~~~~~~~~~~
compilation terminated.
configure:18133: $? = 1
configure: failed program was:
| /* confdefs.h */
| #define PACKAGE_NAME "DtCraft"
| #define PACKAGE_TARNAME "DtCraft"
| #define PACKAGE_VERSION "0.2.3"
| #define PACKAGE_STRING "DtCraft 0.2.3"
| #define PACKAGE_BUGREPORT "dtcraft.engine@gmail.com"
| #define PACKAGE_URL "http://dtcraft.web.engr.illinois.edu/"
| #define DTC_HOME "/home/twhuang/PhD/Code/DtCraft"
| #define PACKAGE "DtCraft"
| #define VERSION "0.2.3"
| #define STDC_HEADERS 1
| #define HAVE_SYS_TYPES_H 1
| #define HAVE_SYS_STAT_H 1
| #define HAVE_STDLIB_H 1
| #define HAVE_STRING_H 1
| #define HAVE_MEMORY_H 1
| #define HAVE_STRINGS_H 1
| #define HAVE_INTTYPES_H 1
| #define HAVE_STDINT_H 1
| #define HAVE_UNISTD_H 1
| #define HAVE_DLFCN_H 1
| #define LT_OBJDIR ".libs/"
| #define STDC_HEADERS 1
| #define HAVE_FCNTL_H 1
| #define HAVE_SYS_EPOLL_H 1
| #define HAVE_SYS_POLL_H 1
| #define HAVE_SYS_SELECT_H 1
| #define HAVE_SYS_TIME_H 1
| /* end confdefs.h.  */
| #include <stdio.h>
| #ifdef HAVE_SYS_TYPES_H
| # include <sys/types.h>
| #endif
| #ifdef HAVE_SYS_STAT_H
| # include <sys/stat.h>
| #endif
| #ifdef STDC_HEADERS
| # include <stdlib.h>
| # include <stddef.h>
| #else
| # ifdef HAVE_STDLIB_H
| #  include <stdlib.h>
| # endif
| #endif
| #ifdef HAVE_STRING_H
| # if !defined STDC_HEADERS && defined HAVE_MEMORY_H
| #  include <memory.h>
| # endif
| # include <string.h>
| #endif
| #ifdef HAVE_STRINGS_H
| # include <strings.h>
| #endif
| #ifdef HAVE_INTTYPES_H
| # include <inttypes.h>
| #endif
| #ifdef HAVE_STDINT_H
| # include <stdint.h>
| #endif
| #ifdef HAVE_UNISTD_H
| # include <unistd.h>
| #endif
| #include <sys/event.h>
configure:18133: result: no
configure:18133: checking sys/event.h presence
configure:18133: g++ -E  conftest.cpp
conftest.cpp:30:10: fatal error: sys/event.h: No such file or directory
 #include <sys/event.h>
          ^~~~~~~~~~~~~
compilation terminated.
configure:18133: $? = 1
configure: failed program was:
| /* confdefs.h */
| #define PACKAGE_NAME "DtCraft"
| #define PACKAGE_TARNAME "DtCraft"
| #define PACKAGE_VERSION "0.2.3"
| #define PACKAGE_STRING "DtCraft 0.2.3"
| #define PACKAGE_BUGREPORT "dtcraft.engine@gmail.com"
| #define PACKAGE_URL "http://dtcraft.web.engr.illinois.edu/"
| #define DTC_HOME "/home/twhuang/PhD/Code/DtCraft"
| #define PACKAGE "DtCraft"
| #define VERSION "0.2.3"
| #define STDC_HEADERS 1
| #define HAVE_SYS_TYPES_H 1
| #define HAVE_SYS_STAT_H 1
| #define HAVE_STDLIB_H 1
| #define HAVE_STRING_H 1
| #define HAVE_MEMORY_H 1
| #define HAVE_STRINGS_H 1
| #define HAVE_INTTYPES_H 1
| #define HAVE_STDINT_H 1
| #define HAVE_UNISTD_H 1
| #define HAVE_DLFCN_H 1
| #define LT_OBJDIR ".libs/"
| #define STDC_HEADERS 1
| #define HAVE_FCNTL_H 1
| #define HAVE_SYS_EPOLL_H 1
| #define HAVE_SYS_POLL_H 1
| #define HAVE_SYS_SELECT_H 1
| #define HAVE_SYS_TIME_H 1
| /* end confdefs.h.  */
| #include <sys/event.h>
configure:18133: result: no
configure:18133: checking for sys/event.h
configure:18133: result: no
configure:18145: checking sys/eventfd.h usability
configure:18145: g++ -c -g -O2  conftest.cpp >&5
configure:18145: $? = 0
configure:18145: result: yes
configure:18145: checking sys/eventfd.h presence
configure:18145: g++ -E  conftest.cpp
configure:18145: $? = 0
configure:18145: result: yes
configure:18145: checking for sys/eventfd.h
configure:18145: result: yes
configure:18157: checking sys/signalfd.h usability
configure:18157: g++ -c -g -O2  conftest.cpp >&5
configure:18157: $? = 0
configure:18157: result: yes
configure:18157: checking sys/signalfd.h presence
configure:18157: g++ -E  conftest.cpp
configure:18157: $? = 0
configure:18157: result: yes
configure:18157: checking for sys/signalfd.h
configure:18157: result: yes
configure:18169: checking for sys/stat.h
configure:18169: result: yes
configure:18181: checking for fd_mask
configure:18181: g++ -c -g -O2  conftest.cpp >&5
configure:18181: $? = 0
configure:18181: g++ -c -g -O2  conftest.cpp >&5
conftest.cpp: In function 'int main()':
conftest.cpp:69:21: error: expected primary-expression before ')' token
 if (sizeof ((fd_mask)))
                     ^
configure:18181: $? = 1
configure: failed program was:
| /* confdefs.h */
| #define PACKAGE_NAME "DtCraft"
| #define PACKAGE_TARNAME "DtCraft"
| #define PACKAGE_VERSION "0.2.3"
| #define PACKAGE_STRING "DtCraft 0.2.3"
| #define PACKAGE_BUGREPORT "dtcraft.engine@gmail.com"
| #define PACKAGE_URL "http://dtcraft.web.engr.illinois.edu/"
| #define DTC_HOME "/home/twhuang/PhD/Code/DtCraft"
| #define PACKAGE "DtCraft"
| #define VERSION "0.2.3"
| #define STDC_HEADERS 1
| #define HAVE_SYS_TYPES_H 1
| #define HAVE_SYS_STAT_H 1
| #define HAVE_STDLIB_H 1
| #define HAVE_STRING_H 1
| #define HAVE_MEMORY_H 1
| #define HAVE_STRINGS_H 1
| #define HAVE_INTTYPES_H 1
| #define HAVE_STDINT_H 1
| #define HAVE_UNISTD_H 1
| #define HAVE_DLFCN_H 1
| #define LT_OBJDIR ".libs/"
| #define STDC_HEADERS 1
| #define HAVE_FCNTL_H 1
| #define HAVE_SYS_EPOLL_H 1
| #define HAVE_SYS_POLL_H 1
| #define HAVE_SYS_SELECT_H 1
| #define HAVE_SYS_TIME_H 1
| #define HAVE_SYS_EVENTFD_H 1
| #define HAVE_SYS_SIGNALFD_H 1
| #define HAVE_SYS_STAT_H 1
| /* end confdefs.h.  */
| #include <stdio.h>
| #ifdef HAVE_SYS_TYPES_H
| # include <sys/types.h>
| #endif
| #ifdef HAVE_SYS_STAT_H
| # include <sys/stat.h>
| #endif
| #ifdef STDC_HEADERS
| # include <stdlib.h>
| # include <stddef.h>
| #else
| # ifdef HAVE_STDLIB_H
| #  include <stdlib.h>
| # endif
| #endif
| #ifdef HAVE_STRING_H
| # if !defined STDC_HEADERS && defined HAVE_MEMORY_H
| #  include <memory.h>
| # endif
| # include <string.h>
| #endif
| #ifdef HAVE_STRINGS_H
| # include <strings.h>
| #endif
| #ifdef HAVE_INTTYPES_H
| # include <inttypes.h>
| #endif
| #ifdef HAVE_STDINT_H
| # include <stdint.h>
| #endif
| #ifdef HAVE_UNISTD_H
| # include <unistd.h>
| #endif
| int
| main ()
| {
| if (sizeof ((fd_mask)))
| 	    return 0;
|   ;
|   return 0;
| }
configure:18181: result: yes
configure:18195: checking for inotify_init
configure:18195: g++ -o conftest -g -O2   conftest.cpp  >&5
configure:18195: $? = 0
configure:18195: result: yes
configure:18206: checking for epoll_ctl
configure:18206: g++ -o conftest -g -O2   conftest.cpp  >&5
configure:18206: $? = 0
configure:18206: result: yes
configure:18217: checking for kqueue
configure:18217: g++ -o conftest -g -O2   conftest.cpp  >&5
/tmp/ccIRmWrf.o: In function `main':
/home/twhuang/PhD/Code/DtCraft/conftest.cpp:70: undefined reference to `kqueue'
collect2: error: ld returned 1 exit status
configure:18217: $? = 1
configure: failed program was:
| /* confdefs.h */
| #define PACKAGE_NAME "DtCraft"
| #define PACKAGE_TARNAME "DtCraft"
| #define PACKAGE_VERSION "0.2.3"
| #define PACKAGE_STRING "DtCraft 0.2.3"
| #define PACKAGE_BUGREPORT "dtcraft.engine@gmail.com"
| #define PACKAGE_URL "http://dtcraft.web.engr.illinois.edu/"
| #define DTC_HOME "/home/twhuang/PhD/Code/DtCraft"
| #define PACKAGE "DtCraft"
| #define VERSION "0.2.3"
| #define STDC_HEADERS 1
| #define HAVE_SYS_TYPES_H 1
| #define HAVE_SYS_STAT_H 1
| #define HAVE_STDLIB_H 1
| #define HAVE_STRING_H 1
| #define HAVE_MEMORY_H 1
| #define HAVE_STRINGS_H 1
| #define HAVE_INTTYPES_H 1
| #define HAVE_STDINT_H 1
| #define HAVE_UNISTD_H 1
| #define HAVE_DLFCN_H 1
| #define LT_OBJDIR ".libs/"
| #define STDC_HEADERS 1
| #define HAVE_FCNTL_H 1
| #define HAVE_SYS_EPOLL_H 1
| #define HAVE_SYS_POLL_H 1
| #define HAVE_SYS_SELECT_H 1
| #define HAVE_SYS_TIME_H 1
| #define HAVE_SYS_EVENTFD_H 1
| #define HAVE_SYS_SIGNALFD_H 1
| #define HAVE_SYS_STAT_H 1
| #define HAVE_FD_MASK 1
| #define HAVE_INOTIFY_INIT 1
| #define HAVE_EPOLL_CTL 1
| /* end confdefs.h.  */
| /* Define kqueue to an innocuous variant, in case <limits.h> declares kqueue.
|    For example, HP-UX 11i <limits.h> declares gettimeofday.  */
| #define kqueue innocuous_kqueue
| 
| /* System header to define __stub macros and hopefully few prototypes,
|     which can conflict with char kqueue (); below.
|     Prefer <limits.h> to <assert.h> if __STDC__ is defined, since
|     <limits.h> exists even on freestanding compilers.  */
| 
| #ifdef __STDC__
| # include <limits.h>
| #else
| # include <assert.h>
| #endif
| 
| #undef kqueue
| 
| /* Override any GCC internal prototype to avoid an error.
|    Use char because int might match the return type of a GCC
|    builtin and then its argument prototype would still apply.  */
| #ifdef __cplusplus
| extern "C"
| #endif
| char kqueue ();
| /* The GNU C library defines this for functions which it implements
|     to always fail with ENOSYS.  Some functions are actually named
|     something starting with __ and the normal name is an alias.  */
| #if defined __stub_kqueue || defined __stub___kqueue
| choke me
| #endif
| 
| int
| main ()
| {
| return kqueue ();
|   ;
|   return 0;
| }
configure:18217: result: no
configure:18228: checking for port_create
configure:18228: g++ -o conftest -g -O2   conftest.cpp  >&5
/tmp/cclnm4Vl.o: In function `main':
/home/twhuang/PhD/Code/DtCraft/conftest.cpp:70: undefined reference to `port_create'
collect2: error: ld returned 1 exit status
configure:18228: $? = 1
configure: failed program was:
| /* confdefs.h */
| #define PACKAGE_NAME "DtCraft"
| #define PACKAGE_TARNAME "DtCraft"
| #define PACKAGE_VERSION "0.2.3"
| #define PACKAGE_STRING "DtCraft 0.2.3"
| #define PACKAGE_BUGREPORT "dtcraft.engine@gmail.com"
| #define PACKAGE_URL "http://dtcraft.web.engr.illinois.edu/"
| #define DTC_HOME "/home/twhuang/PhD/Code/DtCraft"
| #define PACKAGE "DtCraft"
| #define VERSION "0.2.3"
| #define STDC_HEADERS 1
| #define HAVE_SYS_TYPES_H 1
| #define HAVE_SYS_STAT_H 1
| #define HAVE_STDLIB_H 1
| #define HAVE_STRING_H 1
| #define HAVE_MEMORY_H 1
| #define HAVE_STRINGS_H 1
| #define HAVE_INTTYPES_H 1
| #define HAVE_STDINT_H 1
| #define HAVE_UNISTD_H 1
| #define HAVE_DLFCN_H 1
| #define LT_OBJDIR ".libs/"
| #define STDC_HEADERS 1
| #define HAVE_FCNTL_H 1
| #define HAVE_SYS_EPOLL_H 1
| #define HAVE_SYS_POLL_H 1
| #define HAVE_SYS_SELECT_H 1
| #define HAVE_SYS_TIME_H 1
| #define HAVE_SYS_EVENTFD_H 1
| #define HAVE_SYS_SIGNALFD_H 1
| #define HAVE_SYS_STAT_H 1
| #define HAVE_FD_MASK 1
| #define HAVE_INOTIFY_INIT 1
| #define HAVE_EPOLL_CTL 1
| /* end confdefs.h.  */
| /* Define port_create to an innocuous variant, in case <limits.h> declares port_create.
|    For example, HP-UX 11i <limits.h> declares gettimeofday.  */
| #define port_create innocuous_port_create
| 
| /* System header to define __stub macros and hopefully few prototypes,
|     which can conflict with char port_create (); below.
|     Prefer <limits.h> to <assert.h> if __STDC__ is defined, since
|     <limits.h> exists even on freestanding compilers.  */
| 
| #ifdef __STDC__
| # include <limits.h>
| #else
| # include <assert.h>
| #endif
| 
| #undef port_create
| 
| /* Override any GCC internal prototype to avoid an error.
|    Use char because int might match the return type of a GCC
|    builtin and then its argument prototype would still apply.  */
| #ifdef __cplusplus
| extern "C"
| #endif
| char port_create ();
| /* The GNU C library defines this for functions which it implements
|     to always fail with ENOSYS.  Some functions are actually named
|     something starting with __ and the normal name is an alias.  */
| #if defined __stub_port_create || defined __stub___port_create
| choke me
| #endif
| 
| int
| main ()
| {
| return port_create ();
|   ;
|   return 0;
| }
configure:18228: result: no
configure:18239: checking for poll
configure:18239: g++ -o conftest -g -O2   conftest.cpp  >&5
configure:18239: $? = 0
configure:18239: result: yes
configure:18250: checking for select
configure:18250: g++ -o conftest -g -O2   conftest.cpp  >&5
configure:18250: $? = 0
configure:18250: result: yes
configure:18261: checking for eventfd
configure:18261: g++ -o conftest -g -O2   conftest.cpp  >&5
configure:18261: $? = 0
configure:18261: result: yes
configure:18272: checking for signalfd
configure:18272: g++ -o conftest -g -O2   conftest.cpp  >&5
configure:18272: $? = 0
configure:18272: result: yes
configure:18283: checking for getloadavg
configure:18283: g++ -o conftest -g -O2   conftest.cpp  >&5
configure:18283: $? = 0
configure:18283: result: yes
configure:18407: checking if compiler needs -Werror to reject unknown flags
configure:18423: gcc -c -g -O2 -Werror -Wunknown-warning-option -Wsizeof-array-argument  conftest.c >&5
gcc: error: unrecognized command line option '-Wunknown-warning-option'
configure:18423: $? = 1
configure: failed program was:
| /* confdefs.h */
| #define PACKAGE_NAME "DtCraft"
| #define PACKAGE_TARNAME "DtCraft"
| #define PACKAGE_VERSION "0.2.3"
| #define PACKAGE_STRING "DtCraft 0.2.3"
| #define PACKAGE_BUGREPORT "dtcraft.engine@gmail.com"
| #define PACKAGE_URL "http://dtcraft.web.engr.illinois.edu/"
| #define DTC_HOME "/home/twhuang/PhD/Code/DtCraft"
| #define PACKAGE "DtCraft"
| #define VERSION "0.2.3"
| #define STDC_HEADERS 1
| #define HAVE_SYS_TYPES_H 1
| #define HAVE_SYS_STAT_H 1
| #define HAVE_STDLIB_H 1
| #define HAVE_STRING_H 1
| #define HAVE_MEMORY_H 1
| #define HAVE_STRINGS_H 1
| #define HAVE_INTTYPES_H 1
| #define HAVE_STDINT_H 1
| #define HAVE_UNISTD_H 1
| #define HAVE_DLFCN_H 1
| #define LT_OBJDIR ".libs/"
| #define STDC_HEADERS 1
| #define HAVE_FCNTL_H 1
| #define HAVE_SYS_EPOLL_H 1
| #define HAVE_SYS_POLL_H 1
| #define HAVE_SYS_SELECT_H 1
| #define HAVE_SYS_TIME_H 1
| #define HAVE_SYS_EVENTFD_H 1
| #define HAVE_SYS_SIGNALFD_H 1
| #define HAVE_SYS_STAT_H 1
| #define HAVE_FD_MASK 1
| #define HAVE_INOTIFY_INIT 1
| #define HAVE_EPOLL_CTL 1
| #define HAVE_POLL 1
| #define HAVE_SELECT 1
| #define HAVE_EVENTFD 1
| #define HAVE_SIGNALFD 1
| #define HAVE_GETLOADAVG 1
| /* end confdefs.h.  */
| int foo();
| int
| main ()
| {
| foo()
|   ;
|   return 0;
| }
configure:18428: result: no
configure:18494: checking for the pthreads library -lpthreads
configure:18532: gcc -o conftest -g -O2     conftest.c -lpthreads  >&5
/usr/bin/ld: cannot find -lpthreads
collect2: error: ld returned 1 exit status
configure:18532: $? = 1
configure: failed program was:
| /* confdefs.h */
| #define PACKAGE_NAME "DtCraft"
| #define PACKAGE_TARNAME "DtCraft"
| #define PACKAGE_VERSION "0.2.3"
| #define PACKAGE_STRING "DtCraft 0.2.3"
| #define PACKAGE_BUGREPORT "dtcraft.engine@gmail.com"
| #define PACKAGE_URL "http://dtcraft.web.engr.illinois.edu/"
| #define DTC_HOME "/home/twhuang/PhD/Code/DtCraft"
| #define PACKAGE "DtCraft"
| #define VERSION "0.2.3"
| #define STDC_HEADERS 1
| #define HAVE_SYS_TYPES_H 1
| #define HAVE_SYS_STAT_H 1
| #define HAVE_STDLIB_H 1
| #define HAVE_STRING_H 1
| #define HAVE_MEMORY_H 1
| #define HAVE_STRINGS_H 1
| #define HAVE_INTTYPES_H 1
| #define HAVE_STDINT_H 1
| #define HAVE_UNISTD_H 1
| #define HAVE_DLFCN_H 1
| #define LT_OBJDIR ".libs/"
| #define STDC_HEADERS 1
| #define HAVE_FCNTL_H 1
| #define HAVE_SYS_EPOLL_H 1
| #define HAVE_SYS_POLL_H 1
| #define HAVE_SYS_SELECT_H 1
| #define HAVE_SYS_TIME_H 1
| #define HAVE_SYS_EVENTFD_H 1
| #define HAVE_SYS_SIGNALFD_H 1
| #define HAVE_SYS_STAT_H 1
| #define HAVE_FD_MASK 1
| #define HAVE_INOTIFY_INIT 1
| #define HAVE_EPOLL_CTL 1
| #define HAVE_POLL 1
| #define HAVE_SELECT 1
| #define HAVE_EVENTFD 1
| #define HAVE_SIGNALFD 1
| #define HAVE_GETLOADAVG 1
| /* end confdefs.h.  */
| #include <pthread.h>
|                         static void routine(void *a) { a = 0; }
|                         static void *start_routine(void *a) { return a; }
| int
| main ()
| {
| pthread_t th; pthread_attr_t attr;
|                         pthread_create(&th, 0, start_routine, 0);
|                         pthread_join(th, 0);
|                         pthread_attr_init(&attr);
|                         pthread_cleanup_push(routine, 0);
|                         pthread_cleanup_pop(0) /* ; */
|   ;
|   return 0;
| }
configure:18541: result: no
configure:18439: checking whether pthreads work without any flags
configure:18532: gcc -o conftest -g -O2     conftest.c   >&5
/tmp/ccRi136C.o: In function `main':
/home/twhuang/PhD/Code/DtCraft/conftest.c:48: undefined reference to `pthread_create'
/home/twhuang/PhD/Code/DtCraft/conftest.c:49: undefined reference to `pthread_join'
/home/twhuang/PhD/Code/DtCraft/conftest.c:51: undefined reference to `__pthread_register_cancel'
/home/twhuang/PhD/Code/DtCraft/conftest.c:52: undefined reference to `__pthread_unregister_cancel'
collect2: error: ld returned 1 exit status
configure:18532: $? = 1
configure: failed program was:
| /* confdefs.h */
| #define PACKAGE_NAME "DtCraft"
| #define PACKAGE_TARNAME "DtCraft"
| #define PACKAGE_VERSION "0.2.3"
| #define PACKAGE_STRING "DtCraft 0.2.3"
| #define PACKAGE_BUGREPORT "dtcraft.engine@gmail.com"
| #define PACKAGE_URL "http://dtcraft.web.engr.illinois.edu/"
| #define DTC_HOME "/home/twhuang/PhD/Code/DtCraft"
| #define PACKAGE "DtCraft"
| #define VERSION "0.2.3"
| #define STDC_HEADERS 1
| #define HAVE_SYS_TYPES_H 1
| #define HAVE_SYS_STAT_H 1
| #define HAVE_STDLIB_H 1
| #define HAVE_STRING_H 1
| #define HAVE_MEMORY_H 1
| #define HAVE_STRINGS_H 1
| #define HAVE_INTTYPES_H 1
| #define HAVE_STDINT_H 1
| #define HAVE_UNISTD_H 1
| #define HAVE_DLFCN_H 1
| #define LT_OBJDIR ".libs/"
| #define STDC_HEADERS 1
| #define HAVE_FCNTL_H 1
| #define HAVE_SYS_EPOLL_H 1
| #define HAVE_SYS_POLL_H 1
| #define HAVE_SYS_SELECT_H 1
| #define HAVE_SYS_TIME_H 1
| #define HAVE_SYS_EVENTFD_H 1
| #define HAVE_SYS_SIGNALFD_H 1
| #define HAVE_SYS_STAT_H 1
| #define HAVE_FD_MASK 1
| #define HAVE_INOTIFY_INIT 1
| #define HAVE_EPOLL_CTL 1
| #define HAVE_POLL 1
| #define HAVE_SELECT 1
| #define HAVE_EVENTFD 1
| #define HAVE_SIGNALFD 1
| #define HAVE_GETLOADAVG 1
| /* end confdefs.h.  */
| #include <pthread.h>
|                         static void routine(void *a) { a = 0; }
|                         static void *start_routine(void *a) { return a; }
| int
| main ()
| {
| pthread_t th; pthread_attr_t attr;
|                         pthread_create(&th, 0, start_routine, 0);
|                         pthread_join(th, 0);
|                         pthread_attr_init(&attr);
|                         pthread_cleanup_push(routine, 0);
|                         pthread_cleanup_pop(0) /* ; */
|   ;
|   return 0;
| }
configure:18541: result: no
configure:18444: checking whether pthreads work with -Kthread
configure:18532: gcc -o conftest -g -O2 -Kthread    conftest.c   >&5
gcc: error: unrecognized command line option '-Kthread'; did you mean '-pthread'?
configure:18532: $? = 1
configure: failed program was:
| /* confdefs.h */
| #define PACKAGE_NAME "DtCraft"
| #define PACKAGE_TARNAME "DtCraft"
| #define PACKAGE_VERSION "0.2.3"
| #define PACKAGE_STRING "DtCraft 0.2.3"
| #define PACKAGE_BUGREPORT "dtcraft.engine@gmail.com"
| #define PACKAGE_URL "http://dtcraft.web.engr.illinois.edu/"
| #define DTC_HOME "/home/twhuang/PhD/Code/DtCraft"
| #define PACKAGE "DtCraft"
| #define VERSION "0.2.3"
| #define STDC_HEADERS 1
| #define HAVE_SYS_TYPES_H 1
| #define HAVE_SYS_STAT_H 1
| #define HAVE_STDLIB_H 1
| #define HAVE_STRING_H 1
| #define HAVE_MEMORY_H 1
| #define HAVE_STRINGS_H 1
| #define HAVE_INTTYPES_H 1
| #define HAVE_STDINT_H 1
| #define HAVE_UNISTD_H 1
| #define HAVE_DLFCN_H 1
| #define LT_OBJDIR ".libs/"
| #define STDC_HEADERS 1
| #define HAVE_FCNTL_H 1
| #define HAVE_SYS_EPOLL_H 1
| #define HAVE_SYS_POLL_H 1
| #define HAVE_SYS_SELECT_H 1
| #define HAVE_SYS_TIME_H 1
| #define HAVE_SYS_EVENTFD_H 1
| #define HAVE_SYS_SIGNALFD_H 1
| #define HAVE_SYS_STAT_H 1
| #define HAVE_FD_MASK 1
| #define HAVE_INOTIFY_INIT 1
| #define HAVE_EPOLL_CTL 1
| #define HAVE_POLL 1
| #define HAVE_SELECT 1
| #define HAVE_EVENTFD 1
| #define HAVE_SIGNALFD 1
| #define HAVE_GETLOADAVG 1
| /* end confdefs.h.  */
| #include <pthread.h>
|                         static void routine(void *a) { a = 0; }
|                         static void *start_routine(void *a) { return a; }
| int
| main ()
| {
| pthread_t th; pthread_attr_t attr;
|                         pthread_create(&th, 0, start_routine, 0);
|                         pthread_join(th, 0);
|                         pthread_attr_init(&attr);
|                         pthread_cleanup_push(routine, 0);
|                         pthread_cleanup_pop(0) /* ; */
|   ;
|   return 0;
| }
configure:18541: result: no
configure:18444: checking whether pthreads work with -kthread
configure:18532: gcc -o conftest -g -O2 -kthread    conftest.c   >&5
gcc: error: unrecognized command line option '-kthread'; did you mean '-pthread'?
configure:18532: $? = 1
configure: failed program was:
| /* confdefs.h */
| #define PACKAGE_NAME "DtCraft"
| #define PACKAGE_TARNAME "DtCraft"
| #define PACKAGE_VERSION "0.2.3"
| #define PACKAGE_STRING "DtCraft 0.2.3"
| #define PACKAGE_BUGREPORT "dtcraft.engine@gmail.com"
| #define PACKAGE_URL "http://dtcraft.web.engr.illinois.edu/"
| #define DTC_HOME "/home/twhuang/PhD/Code/DtCraft"
| #define PACKAGE "DtCraft"
| #define VERSION "0.2.3"
| #define STDC_HEADERS 1
| #define HAVE_SYS_TYPES_H 1
| #define HAVE_SYS_STAT_H 1
| #define HAVE_STDLIB_H 1
| #define HAVE_STRING_H 1
| #define HAVE_MEMORY_H 1
| #define HAVE_STRINGS_H 1
| #define HAVE_INTTYPES_H 1
| #define HAVE_STDINT_H 1
| #define HAVE_UNISTD_H 1
| #define HAVE_DLFCN_H 1
| #define LT_OBJDIR ".libs/"
| #define STDC_HEADERS 1
| #define HAVE_FCNTL_H 1
| #define HAVE_SYS_EPOLL_H 1
| #define HAVE_SYS_POLL_H 1
| #define HAVE_SYS_SELECT_H 1
| #define HAVE_SYS_TIME_H 1
| #define HAVE_SYS_EVENTFD_H 1
| #define HAVE_SYS_SIGNALFD_H 1
| #define HAVE_SYS_STAT_H 1
| #define HAVE_FD_MASK 1
| #define HAVE_INOTIFY_INIT 1
| #define HAVE_EPOLL_CTL 1
| #define HAVE_POLL 1
| #define HAVE_SELECT 1
| #define HAVE_EVENTFD 1
| #define HAVE_SIGNALFD 1
| #define HAVE_GETLOADAVG 1
| /* end confdefs.h.  */
| #include <pthread.h>
|                         static void routine(void *a) { a = 0; }
|                         static void *start_routine(void *a) { return a; }
| int
| main ()
| {
| pthread_t th; pthread_attr_t attr;
|                         pthread_create(&th, 0, start_routine, 0);
|                         pthread_join(th, 0);
|                         pthread_attr_init(&attr);
|                         pthread_cleanup_push(routine, 0);
|                         pthread_cleanup_pop(0) /* ; */
|   ;
|   return 0;
| }
configure:18541: result: no
configure:18494: checking for the pthreads library -llthread
configure:18532: gcc -o conftest -g -O2     conftest.c -llthread  >&5
/usr/bin/ld: cannot find -llthread
collect2: error: ld returned 1 exit status
configure:18532: $? = 1
configure: failed program was:
| /* confdefs.h */
| #define PACKAGE_NAME "DtCraft"
| #define PACKAGE_TARNAME "DtCraft"
| #define PACKAGE_VERSION "0.2.3"
| #define PACKAGE_STRING "DtCraft 0.2.3"
| #define PACKAGE_BUGREPORT "dtcraft.engine@gmail.com"
| #define PACKAGE_URL "http://dtcraft.web.engr.illinois.edu/"
| #define DTC_HOME "/home/twhuang/PhD/Code/DtCraft"
| #define PACKAGE "DtCraft"
| #define VERSION "0.2.3"
| #define STDC_HEADERS 1
| #define HAVE_SYS_TYPES_H 1
| #define HAVE_SYS_STAT_H 1
| #define HAVE_STDLIB_H 1
| #define HAVE_STRING_H 1
| #define HAVE_MEMORY_H 1
| #define HAVE_STRINGS_H 1
| #define HAVE_INTTYPES_H 1
| #define HAVE_STDINT_H 1
| #define HAVE_UNISTD_H 1
| #define HAVE_DLFCN_H 1
| #define LT_OBJDIR ".libs/"
| #define STDC_HEADERS 1
| #define HAVE_FCNTL_H 1
| #define HAVE_SYS_EPOLL_H 1
| #define HAVE_SYS_POLL_H 1
| #define HAVE_SYS_SELECT_H 1
| #define HAVE_SYS_TIME_H 1
| #define HAVE_SYS_EVENTFD_H 1
| #define HAVE_SYS_SIGNALFD_H 1
| #define HAVE_SYS_STAT_H 1
| #define HAVE_FD_MASK 1
| #define HAVE_INOTIFY_INIT 1
| #define HAVE_EPOLL_CTL 1
| #define HAVE_POLL 1
| #define HAVE_SELECT 1
| #define HAVE_EVENTFD 1
| #define HAVE_SIGNALFD 1
| #define HAVE_GETLOADAVG 1
| /* end confdefs.h.  */
| #include <pthread.h>
|                         static void routine(void *a) { a = 0; }
|                         static void *start_routine(void *a) { return a; }
| int
| main ()
| {
| pthread_t th; pthread_attr_t attr;
|                         pthread_create(&th, 0, start_routine, 0);
|                         pthread_join(th, 0);
|                         pthread_attr_init(&attr);
|                         pthread_cleanup_push(routine, 0);
|                         pthread_cleanup_pop(0) /* ; */
|   ;
|   return 0;
| }
configure:18541: result: no
configure:18444: checking whether pthreads work with -pthread
configure:18532: gcc -o conftest -g -O2 -pthread    conftest.c   >&5
configure:18532: $? = 0
configure:18541: result: yes
configure:18560: checking for joinable pthread attribute
configure:18575: gcc -o conftest -g -O2 -pthread   conftest.c   >&5
configure:18575: $? = 0
configure:18581: result: PTHREAD_CREATE_JOINABLE
configure:18591: checking if more special flags are required for pthreads
configure:18606: result: no
configure:18612: checking for PTHREAD_PRIO_INHERIT
configure:18629: gcc -o conftest -g -O2 -pthread   conftest.c   >&5
configure:18629: $? = 0
configure:18638: result: yes
configure:18908: checking that generated files are newer than configure
configure:18914: result: done
configure:18945: creating ./config.status

## ---------------------- ##
## Running config.status. ##
## ---------------------- ##

This file was extended by DtCraft config.status 0.2.3, which was
generated by GNU Autoconf 2.69.  Invocation command line was

  CONFIG_FILES    = 
  CONFIG_HEADERS  = 
  CONFIG_LINKS    = 
  CONFIG_COMMANDS = 
  $ ./config.status 

on csl-408-08.csl.illinois.edu

config.status:1175: creating Makefile
config.status:1175: creating include/dtc/config.hpp
config.status:1356: include/dtc/config.hpp is unchanged
config.status:1404: executing depfiles commands
config.status:1404: executing libtool commands
configure:21354: creating ./config.lt

## ------------------ ##
## Running config.lt. ##
## ------------------ ##
config.lt:684: creating libtool

## ---------------- ##
## Cache variables. ##
## ---------------- ##

ac_cv_build=x86_64-pc-linux-gnu
ac_cv_c_compiler_gnu=yes
ac_cv_cxx_compiler_gnu=yes
ac_cv_env_CCC_set=
ac_cv_env_CCC_value=
ac_cv_env_CC_set=
ac_cv_env_CC_value=
ac_cv_env_CFLAGS_set=
ac_cv_env_CFLAGS_value=
ac_cv_env_CPPFLAGS_set=
ac_cv_env_CPPFLAGS_value=
ac_cv_env_CPP_set=
ac_cv_env_CPP_value=
ac_cv_env_CXXCPP_set=
ac_cv_env_CXXCPP_value=
ac_cv_env_CXXFLAGS_set=
ac_cv_env_CXXFLAGS_value=
ac_cv_env_CXX_set=
ac_cv_env_CXX_value=
ac_cv_env_LDFLAGS_set=
ac_cv_env_LDFLAGS_value=
ac_cv_env_LIBS_set=
ac_cv_env_LIBS_value=
ac_cv_env_LT_SYS_LIBRARY_PATH_set=
ac_cv_env_LT_SYS_LIBRARY_PATH_value=
ac_cv_env_YACC_set=
ac_cv_env_YACC_value=
ac_cv_env_YFLAGS_set=
ac_cv_env_YFLAGS_value=
ac_cv_env_build_alias_set=
ac_cv_env_build_alias_value=
ac_cv_env_host_alias_set=
ac_cv_env_host_alias_value=
ac_cv_env_target_alias_set=
ac_cv_env_target_alias_value=
ac_cv_func_epoll_ctl=yes
ac_cv_func_eventfd=yes
ac_cv_func_getloadavg=yes
ac_cv_func_inotify_init=yes
ac_cv_func_kqueue=no
ac_cv_func_poll=yes
ac_cv_func_port_create=no
ac_cv_func_select=yes
ac_cv_func_signalfd=yes
ac_cv_header_dlfcn_h=yes
ac_cv_header_fcntl_h=yes
ac_cv_header_inttypes_h=yes
ac_cv_header_memory_h=yes
ac_cv_header_stdc=yes
ac_cv_header_stdint_h=yes
ac_cv_header_stdlib_h=yes
ac_cv_header_string_h=yes
ac_cv_header_strings_h=yes
ac_cv_header_sys_devpoll_h=no
ac_cv_header_sys_epoll_h=yes
ac_cv_header_sys_event_h=no
ac_cv_header_sys_eventfd_h=yes
ac_cv_header_sys_poll_h=yes
ac_cv_header_sys_select_h=yes
ac_cv_header_sys_signalfd_h=yes
ac_cv_header_sys_stat_h=yes
ac_cv_header_sys_time_h=yes
ac_cv_header_sys_types_h=yes
ac_cv_header_unistd_h=yes
ac_cv_host=x86_64-pc-linux-gnu
ac_cv_objext=o
ac_cv_path_EGREP='/bin/grep -E'
ac_cv_path_FGREP='/bin/grep -F'
ac_cv_path_GREP=/bin/grep
ac_cv_path_SED=/bin/sed
ac_cv_path_install='/usr/bin/install -c'
ac_cv_path_lt_DD=/bin/dd
ac_cv_path_mkdir=/bin/mkdir
ac_cv_prog_AWK=mawk
ac_cv_prog_CPP='gcc -E'
ac_cv_prog_CXXCPP='g++ -E'
ac_cv_prog_ac_ct_AR=ar
ac_cv_prog_ac_ct_CC=gcc
ac_cv_prog_ac_ct_CXX=g++
ac_cv_prog_ac_ct_MANIFEST_TOOL=mt
ac_cv_prog_ac_ct_OBJDUMP=objdump
ac_cv_prog_ac_ct_RANLIB=ranlib
ac_cv_prog_ac_ct_STRIP=strip
ac_cv_prog_cc_c89=
ac_cv_prog_cc_g=yes
ac_cv_prog_cxx_g=yes
ac_cv_prog_make_make_set=yes
ac_cv_type_fd_mask=yes
am_cv_CC_dependencies_compiler_type=gcc3
am_cv_CXX_dependencies_compiler_type=gcc3
am_cv_make_support_nested_variables=yes
am_cv_prog_cc_c_o=yes
am_cv_prog_tar_ustar=gnutar
ax_cv_PTHREAD_PRIO_INHERIT=yes
ax_cv_cxx_compiler_vendor=gnu
ax_cv_cxx_compiler_version=7.2.0
lt_cv_ar_at_file=@
lt_cv_archive_cmds_need_lc=no
lt_cv_deplibs_check_method=pass_all
lt_cv_file_magic_cmd='$MAGIC_CMD'
lt_cv_file_magic_test_file=
lt_cv_ld_reload_flag=-r
lt_cv_nm_interface='BSD nm'
lt_cv_objdir=.libs
lt_cv_path_LD=/usr/bin/ld
lt_cv_path_LDCXX='/usr/bin/ld -m elf_x86_64'
lt_cv_path_NM='/usr/bin/nm -B'
lt_cv_path_mainfest_tool=no
lt_cv_prog_compiler_c_o=yes
lt_cv_prog_compiler_c_o_CXX=yes
lt_cv_prog_compiler_pic='-fPIC -DPIC'
lt_cv_prog_compiler_pic_CXX='-fPIC -DPIC'
lt_cv_prog_compiler_pic_works=yes
lt_cv_prog_compiler_pic_works_CXX=yes
lt_cv_prog_compiler_rtti_exceptions=no
lt_cv_prog_compiler_static_works=yes
lt_cv_prog_compiler_static_works_CXX=yes
lt_cv_prog_gnu_ld=yes
lt_cv_prog_gnu_ldcxx=yes
lt_cv_sharedlib_from_linklib_cmd='printf %s\n'
lt_cv_shlibpath_overrides_runpath=yes
lt_cv_sys_global_symbol_pipe='sed -n -e '\''s/^.*[	 ]\([ABCDGIRSTW][ABCDGIRSTW]*\)[	 ][	 ]*\([_A-Za-z][_A-Za-z0-9]*\)$/\1 \2 \2/p'\'' | sed '\''/ __gnu_lto/d'\'''
lt_cv_sys_global_symbol_to_c_name_address='sed -n -e '\''s/^: \(.*\) .*$/  {"\1", (void *) 0},/p'\'' -e '\''s/^[ABCDGIRSTW][ABCDGIRSTW]* .* \(.*\)$/  {"\1", (void *) \&\1},/p'\'''
lt_cv_sys_global_symbol_to_c_name_address_lib_prefix='sed -n -e '\''s/^: \(.*\) .*$/  {"\1", (void *) 0},/p'\'' -e '\''s/^[ABCDGIRSTW][ABCDGIRSTW]* .* \(lib.*\)$/  {"\1", (void *) \&\1},/p'\'' -e '\''s/^[ABCDGIRSTW][ABCDGIRSTW]* .* \(.*\)$/  {"lib\1", (void *) \&\1},/p'\'''
lt_cv_sys_global_symbol_to_cdecl='sed -n -e '\''s/^T .* \(.*\)$/extern int \1();/p'\'' -e '\''s/^[ABCDGIRSTW][ABCDGIRSTW]* .* \(.*\)$/extern char \1;/p'\'''
lt_cv_sys_global_symbol_to_import=
lt_cv_sys_max_cmd_len=1572864
lt_cv_to_host_file_cmd=func_convert_file_noop
lt_cv_to_tool_file_cmd=func_convert_file_noop
lt_cv_truncate_bin='/bin/dd bs=4096 count=1'

## ----------------- ##
## Output variables. ##
## ----------------- ##

ACLOCAL='${SHELL} /home/twhuang/PhD/Code/DtCraft/build-aux/missing aclocal-1.15'
AMDEPBACKSLASH='\'
AMDEP_FALSE='#'
AMDEP_TRUE=''
AMTAR='$${TAR-tar}'
AM_BACKSLASH='\'
AM_DEFAULT_V='$(AM_DEFAULT_VERBOSITY)'
AM_DEFAULT_VERBOSITY='1'
AM_V='$(V)'
AR='ar'
AUTOCONF='${SHELL} /home/twhuang/PhD/Code/DtCraft/build-aux/missing autoconf'
AUTOHEADER='${SHELL} /home/twhuang/PhD/Code/DtCraft/build-aux/missing autoheader'
AUTOMAKE='${SHELL} /home/twhuang/PhD/Code/DtCraft/build-aux/missing automake-1.15'
AWK='mawk'
CC='gcc'
CCDEPMODE='depmode=gcc3'
CFLAGS='-g -O2'
CPP='gcc -E'
CPPFLAGS=''
CPU_COUNT='4'
CXX='g++'
CXXCPP='g++ -E'
CXXDEPMODE='depmode=gcc3'
CXXFLAGS='-g -O2'
CYGPATH_W='echo'
DEFS='-DHAVE_CONFIG_H'
DEPDIR='.deps'
DLLTOOL='false'
DSYMUTIL=''
DUMPBIN=''
ECHO_C=''
ECHO_N='-n'
ECHO_T=''
EGREP='/bin/grep -E'
EXEEXT=''
FGREP='/bin/grep -F'
GREP='/bin/grep'
INSTALL_DATA='${INSTALL} -m 644'
INSTALL_PROGRAM='${INSTALL}'
INSTALL_SCRIPT='${INSTALL}'
INSTALL_STRIP_PROGRAM='$(install_sh) -c -s'
LD='/usr/bin/ld -m elf_x86_64'
LDFLAGS=''
LIBOBJS=''
LIBS=''
LIBTOOL='$(SHELL) $(top_builddir)/libtool'
LIPO=''
LN_S='ln -s'
LTLIBOBJS=''
LT_SYS_LIBRARY_PATH=''
MAKEINFO='${SHELL} /home/twhuang/PhD/Code/DtCraft/build-aux/missing makeinfo'
MANIFEST_TOOL=':'
MKDIR_P='/bin/mkdir -p'
NM='/usr/bin/nm -B'
NMEDIT=''
OBJDUMP='objdump'
OBJEXT='o'
OTOOL64=''
OTOOL=''
PACKAGE='DtCraft'
PACKAGE_BUGREPORT='dtcraft.engine@gmail.com'
PACKAGE_NAME='DtCraft'
PACKAGE_STRING='DtCraft 0.2.3'
PACKAGE_TARNAME='DtCraft'
PACKAGE_URL='http://dtcraft.web.engr.illinois.edu/'
PACKAGE_VERSION='0.2.3'
PATH_SEPARATOR=':'
PTHREAD_CC='gcc'
PTHREAD_CFLAGS='-pthread'
PTHREAD_LIBS=''
RANLIB='ranlib'
SED='/bin/sed'
SET_MAKE=''
SHELL='/bin/bash'
STRIP='strip'
TEST_LIBS=''
VERSION='0.2.3'
YACC='yacc'
YFLAGS=''
ac_ct_AR='ar'
ac_ct_CC='gcc'
ac_ct_CXX='g++'
ac_ct_DUMPBIN=''
am__EXEEXT_FALSE=''
am__EXEEXT_TRUE='#'
am__fastdepCC_FALSE='#'
am__fastdepCC_TRUE=''
am__fastdepCXX_FALSE='#'
am__fastdepCXX_TRUE=''
am__include='include'
am__isrc=''
am__leading_dot='.'
am__nodep='_no'
am__quote=''
am__tar='tar --format=ustar -chf - "$$tardir"'
am__untar='tar -xf -'
ax_pthread_config=''
bindir='${exec_prefix}/bin'
build='x86_64-pc-linux-gnu'
build_alias=''
build_cpu='x86_64'
build_os='linux-gnu'
build_vendor='pc'
datadir='${datarootdir}'
datarootdir='${prefix}/share'
docdir='${datarootdir}/doc/${PACKAGE_TARNAME}'
dvidir='${docdir}'
exec_prefix='${prefix}'
host='x86_64-pc-linux-gnu'
host_alias=''
host_cpu='x86_64'
host_os='linux-gnu'
host_vendor='pc'
htmldir='${docdir}'
includedir='${prefix}/include'
infodir='${datarootdir}/info'
install_sh='${SHELL} /home/twhuang/PhD/Code/DtCraft/build-aux/install-sh'
libdir='${exec_prefix}/lib'
libexecdir='${exec_prefix}/libexec'
localedir='${datarootdir}/locale'
localstatedir='${prefix}/var'
mandir='${datarootdir}/man'
mkdir_p='$(MKDIR_P)'
oldincludedir='/usr/include'
pdfdir='${docdir}'
prefix='/usr/local'
program_transform_name='s,x,x,'
psdir='${docdir}'
runstatedir='${localstatedir}/run'
sbindir='${exec_prefix}/sbin'
sharedstatedir='${prefix}/com'
sysconfdir='${prefix}/etc'
target_alias=''

## ----------- ##
## confdefs.h. ##
## ----------- ##

/* confdefs.h */
#define PACKAGE_NAME "DtCraft"
#define PACKAGE_TARNAME "DtCraft"
#define PACKAGE_VERSION "0.2.3"
#define PACKAGE_STRING "DtCraft 0.2.3"
#define PACKAGE_BUGREPORT "dtcraft.engine@gmail.com"
#define PACKAGE_URL "http://dtcraft.web.engr.illinois.edu/"
#define DTC_HOME "/home/twhuang/PhD/Code/DtCraft"
#define PACKAGE "DtCraft"
#define VERSION "0.2.3"
#define STDC_HEADERS 1
#define HAVE_SYS_TYPES_H 1
#define HAVE_SYS_STAT_H 1
#define HAVE_STDLIB_H 1
#define HAVE_STRING_H 1
#define HAVE_MEMORY_H 1
#define HAVE_STRINGS_H 1
#define HAVE_INTTYPES_H 1
#define HAVE_STDINT_H 1
#define HAVE_UNISTD_H 1
#define HAVE_DLFCN_H 1
#define LT_OBJDIR ".libs/"
#define STDC_HEADERS 1
#define HAVE_FCNTL_H 1
#define HAVE_SYS_EPOLL_H 1
#define HAVE_SYS_POLL_H 1
#define HAVE_SYS_SELECT_H 1
#define HAVE_SYS_TIME_H 1
#define HAVE_SYS_EVENTFD_H 1
#define HAVE_SYS_SIGNALFD_H 1
#define HAVE_SYS_STAT_H 1
#define HAVE_FD_MASK 1
#define HAVE_INOTIFY_INIT 1
#define HAVE_EPOLL_CTL 1
#define HAVE_POLL 1
#define HAVE_SELECT 1
#define HAVE_EVENTFD 1
#define HAVE_SIGNALFD 1
#define HAVE_GETLOADAVG 1
#define HAVE_PTHREAD_PRIO_INHERIT 1

configure: exit 0
